{
  "Unknown Test Framework": {
    "coverage": {
    },
    "timestamp": 1662670449
  },
  "RSpec": {
    "coverage": {
      "/home/uday/Desktop/test_files/ruby_app/spec/webserver_parser_spec.rb": {
        "lines": [
          1,
          1,
          1,
          1,
          null,
          1,
          1,
          1,
          1,
          1,
          1,
          1,
          1,
          1,
          null,
          null,
          null,
          1,
          1,
          3,
          null,
          null,
          null,
          null,
          null,
          null,
          null,
          null,
          null,
          null,
          null,
          null,
          null,
          null,
          null,
          null,
          null,
          null,
          null,
          null,
          null,
          null,
          null,
          null,
          null,
          null,
          null,
          3,
          3,
          null,
          null,
          1,
          1,
          1,
          1,
          1,
          null,
          null,
          1,
          1,
          1,
          1,
          1,
          null,
          null,
          1,
          1,
          1,
          1,
          1,
          null,
          null,
          null,
          null,
          null
        ]
      },
      "/home/uday/Desktop/test_files/ruby_app/webserver_parser.rb": {
        "lines": [
          null,
          null,
          1,
          1,
          null,
          1,
          1,
          5,
          null,
          null,
          1,
          null,
          5,
          4,
          4,
          4,
          24,
          24,
          null,
          28,
          28,
          4,
          null,
          1,
          null,
          null,
          null,
          1,
          null,
          1,
          5,
          5,
          5,
          4,
          578,
          578,
          578,
          578,
          24,
          24,
          null,
          554,
          null,
          null,
          null,
          1,
          null,
          4,
          null,
          null,
          null,
          null,
          1,
          1,
          1,
          null,
          1,
          1,
          6,
          null,
          null,
          1,
          1,
          6,
          null,
          null
        ]
      },
      "/home/uday/Desktop/test_files/ruby_app/parser_error.rb": {
        "lines": [
          null,
          1,
          1,
          1,
          null,
          null
        ]
      }
    },
    "timestamp": 1662676454
  }
}
